0 info it worked if it ends with ok
1 verbose cli [ '/usr/local/bin/node',
1 verbose cli   '/usr/local/bin/npm',
1 verbose cli   'run',
1 verbose cli   'simulate-gateway' ]
2 info using npm@3.10.10
3 info using node@v6.11.2
4 verbose run-script [ 'presimulate-gateway',
4 verbose run-script   'simulate-gateway',
4 verbose run-script   'postsimulate-gateway' ]
5 info lifecycle services@1.0.0~presimulate-gateway: services@1.0.0
6 silly lifecycle services@1.0.0~presimulate-gateway: no script for presimulate-gateway, continuing
7 info lifecycle services@1.0.0~simulate-gateway: services@1.0.0
8 verbose lifecycle services@1.0.0~simulate-gateway: unsafe-perm in lifecycle true
9 verbose lifecycle services@1.0.0~simulate-gateway: PATH: /usr/local/lib/node_modules/npm/bin/node-gyp-bin:/Users/andika/Desktop/test/services/node_modules/.bin:/Users/andika/.rbenv/shims:/usr/local/bin:/usr/bin:/bin:/usr/sbin:/sbin:/usr/local/go/bin:/Users/andika/.rvm/bin:/Users/andika/Documents/Workspace/Golang/bin:/Users/andika/Library/Android/sdk/bin:/Library/Java/JavaVirtualMachines/jdk1.8.0_102.jdk/Contents/Home/bin
10 verbose lifecycle services@1.0.0~simulate-gateway: CWD: /Users/andika/Desktop/test/services
11 silly lifecycle services@1.0.0~simulate-gateway: Args: [ '-c', ' sls simulate apigateway -p 5000 --lambda-port 4000 ' ]
12 silly lifecycle services@1.0.0~simulate-gateway: Returned: code: 1  signal: null
13 info lifecycle services@1.0.0~simulate-gateway: Failed to exec simulate-gateway script
14 verbose stack Error: services@1.0.0 simulate-gateway: ` sls simulate apigateway -p 5000 --lambda-port 4000 `
14 verbose stack Exit status 1
14 verbose stack     at EventEmitter.<anonymous> (/usr/local/lib/node_modules/npm/lib/utils/lifecycle.js:255:16)
14 verbose stack     at emitTwo (events.js:106:13)
14 verbose stack     at EventEmitter.emit (events.js:191:7)
14 verbose stack     at ChildProcess.<anonymous> (/usr/local/lib/node_modules/npm/lib/utils/spawn.js:40:14)
14 verbose stack     at emitTwo (events.js:106:13)
14 verbose stack     at ChildProcess.emit (events.js:191:7)
14 verbose stack     at maybeClose (internal/child_process.js:891:16)
14 verbose stack     at Process.ChildProcess._handle.onexit (internal/child_process.js:226:5)
15 verbose pkgid services@1.0.0
16 verbose cwd /Users/andika/Desktop/test/services
17 error Darwin 16.7.0
18 error argv "/usr/local/bin/node" "/usr/local/bin/npm" "run" "simulate-gateway"
19 error node v6.11.2
20 error npm  v3.10.10
21 error code ELIFECYCLE
22 error services@1.0.0 simulate-gateway: ` sls simulate apigateway -p 5000 --lambda-port 4000 `
22 error Exit status 1
23 error Failed at the services@1.0.0 simulate-gateway script ' sls simulate apigateway -p 5000 --lambda-port 4000 '.
23 error Make sure you have the latest version of node.js and npm installed.
23 error If you do, this is most likely a problem with the services package,
23 error not with npm itself.
23 error Tell the author that this fails on your system:
23 error      sls simulate apigateway -p 5000 --lambda-port 4000
23 error You can get information on how to open an issue for this project with:
23 error     npm bugs services
23 error Or if that isn't available, you can get their info via:
23 error     npm owner ls services
23 error There is likely additional logging output above.
24 verbose exit [ 1, true ]
